c:\users\maj\desktop\glitchfxdev\code\examples\template\chanellshift\win\x64\debug\channelshift.bsc
c:\users\maj\desktop\glitchfxdev\code\examples\template\chanellshift\win\x64\debug\channelshift.lib
c:\users\maj\desktop\glitchfxdev\code\examples\template\chanellshift\win\x64\debug\channelshift.exp
c:\users\maj\desktop\glitchfxdev\code\examples\template\chanellshift\win\x64\debug\vc140.pdb
c:\users\maj\desktop\glitchfxdev\code\examples\template\chanellshift\win\x64\debug\aegp_suitehandler.sbr
c:\users\maj\desktop\glitchfxdev\code\examples\template\chanellshift\win\x64\debug\missingsuiteerror.sbr
c:\users\maj\desktop\glitchfxdev\code\examples\template\chanellshift\win\x64\debug\channelshift.sbr
c:\users\maj\desktop\glitchfxdev\code\examples\template\chanellshift\win\x64\debug\channelshift_strings.sbr
c:\users\maj\desktop\glitchfxdev\code\examples\template\chanellshift\win\x64\debug\channelshift_strings.obj
c:\users\maj\desktop\glitchfxdev\code\examples\template\chanellshift\win\x64\debug\channelshift.obj
c:\users\maj\desktop\glitchfxdev\code\examples\template\chanellshift\win\x64\debug\missingsuiteerror.obj
c:\users\maj\desktop\glitchfxdev\code\examples\template\chanellshift\win\x64\debug\aegp_suitehandler.obj
c:\users\maj\desktop\glitchfxdev\code\examples\template\chanellshift\win\channelshiftpipl.rc
c:\users\maj\desktop\glitchfxdev\code\examples\template\chanellshift\win\x64\debug\channelshiftpipl.res
c:\users\maj\desktop\glitchfxdev\code\examples\template\chanellshift\win\x64\debug\channelshift.pdb
c:\program files\adobe\common\plug-ins\7.0\mediacore\\channelshift.pdb
c:\users\maj\desktop\glitchfxdev\code\examples\template\chanellshift\win\x64\debug\channelshift.tlog\bscmake.command.1.tlog
c:\users\maj\desktop\glitchfxdev\code\examples\template\chanellshift\win\x64\debug\channelshift.tlog\bscmake.read.1.tlog
c:\users\maj\desktop\glitchfxdev\code\examples\template\chanellshift\win\x64\debug\channelshift.tlog\bscmake.write.1.tlog
c:\users\maj\desktop\glitchfxdev\code\examples\template\chanellshift\win\x64\debug\channelshift.tlog\channelshift.write.1u.tlog
c:\users\maj\desktop\glitchfxdev\code\examples\template\chanellshift\win\x64\debug\channelshift.tlog\cl.command.1.tlog
c:\users\maj\desktop\glitchfxdev\code\examples\template\chanellshift\win\x64\debug\channelshift.tlog\cl.read.1.tlog
c:\users\maj\desktop\glitchfxdev\code\examples\template\chanellshift\win\x64\debug\channelshift.tlog\cl.write.1.tlog
c:\users\maj\desktop\glitchfxdev\code\examples\template\chanellshift\win\x64\debug\channelshift.tlog\custombuild.command.1.tlog
c:\users\maj\desktop\glitchfxdev\code\examples\template\chanellshift\win\x64\debug\channelshift.tlog\custombuild.read.1.tlog
c:\users\maj\desktop\glitchfxdev\code\examples\template\chanellshift\win\x64\debug\channelshift.tlog\custombuild.write.1.tlog
c:\users\maj\desktop\glitchfxdev\code\examples\template\chanellshift\win\x64\debug\channelshift.tlog\link.9580-cvtres.read.1.tlog
c:\users\maj\desktop\glitchfxdev\code\examples\template\chanellshift\win\x64\debug\channelshift.tlog\link.9580-cvtres.write.1.tlog
c:\users\maj\desktop\glitchfxdev\code\examples\template\chanellshift\win\x64\debug\channelshift.tlog\link.9580-rc.read.1.tlog
c:\users\maj\desktop\glitchfxdev\code\examples\template\chanellshift\win\x64\debug\channelshift.tlog\link.9580-rc.write.1.tlog
c:\users\maj\desktop\glitchfxdev\code\examples\template\chanellshift\win\x64\debug\channelshift.tlog\link.9580.read.1.tlog
c:\users\maj\desktop\glitchfxdev\code\examples\template\chanellshift\win\x64\debug\channelshift.tlog\link.9580.write.1.tlog
c:\users\maj\desktop\glitchfxdev\code\examples\template\chanellshift\win\x64\debug\channelshift.tlog\link.command.1.tlog
c:\users\maj\desktop\glitchfxdev\code\examples\template\chanellshift\win\x64\debug\channelshift.tlog\link.read.1.tlog
c:\users\maj\desktop\glitchfxdev\code\examples\template\chanellshift\win\x64\debug\channelshift.tlog\link.write.1.tlog
c:\users\maj\desktop\glitchfxdev\code\examples\template\chanellshift\win\x64\debug\channelshift.tlog\rc.command.1.tlog
c:\users\maj\desktop\glitchfxdev\code\examples\template\chanellshift\win\x64\debug\channelshift.tlog\rc.read.1.tlog
c:\users\maj\desktop\glitchfxdev\code\examples\template\chanellshift\win\x64\debug\channelshift.tlog\rc.write.1.tlog
