c:\users\maj\desktop\glitchfxdev\code\examples\template\elstaberr\win\x64\debug\elstaberr.bsc
c:\users\maj\desktop\glitchfxdev\code\examples\template\elstaberr\win\x64\debug\vc140.pdb
c:\users\maj\desktop\glitchfxdev\code\examples\template\elstaberr\win\x64\debug\aegp_suitehandler.sbr
c:\users\maj\desktop\glitchfxdev\code\examples\template\elstaberr\win\x64\debug\missingsuiteerror.sbr
c:\users\maj\desktop\glitchfxdev\code\examples\template\elstaberr\win\x64\debug\elstaberr.sbr
c:\users\maj\desktop\glitchfxdev\code\examples\template\elstaberr\win\x64\debug\elstaberr_strings.sbr
c:\users\maj\desktop\glitchfxdev\code\examples\template\elstaberr\win\x64\debug\elstaberr_strings.obj
c:\users\maj\desktop\glitchfxdev\code\examples\template\elstaberr\win\x64\debug\elstaberr.obj
c:\users\maj\desktop\glitchfxdev\code\examples\template\elstaberr\win\x64\debug\missingsuiteerror.obj
c:\users\maj\desktop\glitchfxdev\code\examples\template\elstaberr\win\x64\debug\aegp_suitehandler.obj
c:\users\maj\desktop\glitchfxdev\code\examples\template\elstaberr\win\elstaberrpipl.rc
c:\users\maj\desktop\glitchfxdev\code\examples\template\elstaberr\win\x64\debug\elstaberr.lib
c:\users\maj\desktop\glitchfxdev\code\examples\template\elstaberr\win\x64\debug\elstaberr.exp
c:\program files\adobe\common\plug-ins\7.0\mediacore\elstaberr.ilk
c:\program files\adobe\common\plug-ins\7.0\mediacore\elstaberr.aex
c:\users\maj\desktop\glitchfxdev\code\examples\template\elstaberr\win\x64\debug\elstaberr.pdb
c:\users\maj\desktop\glitchfxdev\code\examples\template\elstaberr\win\x64\debug\elstaberrpipl.res
c:\program files\adobe\common\plug-ins\7.0\mediacore\\elstaberr.pdb
c:\program files\adobe\common\plug-ins\7.0\mediacore\\elstaberr.aex
c:\program files\adobe\common\plug-ins\7.0\mediacore\\elstaberr.ilk
c:\users\maj\desktop\glitchfxdev\code\examples\template\elstaberr\win\x64\debug\elstaberr.tlog\bscmake.command.1.tlog
c:\users\maj\desktop\glitchfxdev\code\examples\template\elstaberr\win\x64\debug\elstaberr.tlog\bscmake.read.1.tlog
c:\users\maj\desktop\glitchfxdev\code\examples\template\elstaberr\win\x64\debug\elstaberr.tlog\bscmake.write.1.tlog
c:\users\maj\desktop\glitchfxdev\code\examples\template\elstaberr\win\x64\debug\elstaberr.tlog\cl.command.1.tlog
c:\users\maj\desktop\glitchfxdev\code\examples\template\elstaberr\win\x64\debug\elstaberr.tlog\cl.read.1.tlog
c:\users\maj\desktop\glitchfxdev\code\examples\template\elstaberr\win\x64\debug\elstaberr.tlog\cl.write.1.tlog
c:\users\maj\desktop\glitchfxdev\code\examples\template\elstaberr\win\x64\debug\elstaberr.tlog\custombuild.command.1.tlog
c:\users\maj\desktop\glitchfxdev\code\examples\template\elstaberr\win\x64\debug\elstaberr.tlog\custombuild.read.1.tlog
c:\users\maj\desktop\glitchfxdev\code\examples\template\elstaberr\win\x64\debug\elstaberr.tlog\custombuild.write.1.tlog
c:\users\maj\desktop\glitchfxdev\code\examples\template\elstaberr\win\x64\debug\elstaberr.tlog\elstaberr.write.1u.tlog
c:\users\maj\desktop\glitchfxdev\code\examples\template\elstaberr\win\x64\debug\elstaberr.tlog\link.command.1.tlog
c:\users\maj\desktop\glitchfxdev\code\examples\template\elstaberr\win\x64\debug\elstaberr.tlog\link.read.1.tlog
c:\users\maj\desktop\glitchfxdev\code\examples\template\elstaberr\win\x64\debug\elstaberr.tlog\link.write.1.tlog
c:\users\maj\desktop\glitchfxdev\code\examples\template\elstaberr\win\x64\debug\elstaberr.tlog\rc.command.1.tlog
c:\users\maj\desktop\glitchfxdev\code\examples\template\elstaberr\win\x64\debug\elstaberr.tlog\rc.read.1.tlog
c:\users\maj\desktop\glitchfxdev\code\examples\template\elstaberr\win\x64\debug\elstaberr.tlog\rc.write.1.tlog
