This is pdfTeX, Version 3.14159265-2.6-1.40.18 (MiKTeX 2.9.6350 64-bit) (preloaded format=pdflatex 2017.8.3)  22 SEP 2017 23:00
entering extended mode
**C:/Users/maj/Desktop/glitchFXdev/vzorec_dip_Seminar/vzorec_dip_Seminar.tex
(C:/Users/maj/Desktop/glitchFXdev/vzorec_dip_Seminar/vzorec_dip_Seminar.tex
LaTeX2e <2017-04-15>
Babel <3.10> and hyphenation patterns for 75 language(s) loaded.
("C:\Program Files\MiKTeX 2.9\tex\latex\base\book.cls"
Document Class: book 2014/09/29 v1.4h Standard LaTeX document class
("C:\Program Files\MiKTeX 2.9\tex\latex\base\bk12.clo"
File: bk12.clo 2014/09/29 v1.4h Standard LaTeX file (size option)
)
\c@part=\count79
\c@chapter=\count80
\c@section=\count81
\c@subsection=\count82
\c@subsubsection=\count83
\c@paragraph=\count84
\c@subparagraph=\count85
\c@figure=\count86
\c@table=\count87
\abovecaptionskip=\skip41
\belowcaptionskip=\skip42
\bibindent=\dimen102
)
("C:\Program Files\MiKTeX 2.9\tex\latex\base\inputenc.sty"
Package: inputenc 2015/03/17 v1.2c Input encoding file
\inpenc@prehook=\toks14
\inpenc@posthook=\toks15

("C:\Program Files\MiKTeX 2.9\tex\latex\ucs\utf8x.def"
File: utf8x.def 2004/10/17 UCS: Input encoding UTF-8
))
("C:\Program Files\MiKTeX 2.9\tex\latex\ucs\ucs.sty"
Package: ucs 2013/05/11 v2.2 UCS: Unicode input support

("C:\Program Files\MiKTeX 2.9\tex\latex\ucs\uni-global.def"
File: uni-global.def 2013/05/13 UCS: Unicode global data
)
\uc@secondtry=\count88
\uc@combtoks=\toks16
\uc@combtoksb=\toks17
\uc@temptokena=\toks18
)
("C:\Program Files\MiKTeX 2.9\tex\generic\babel\babel.sty"
Package: babel 2017/05/19 3.10 The Babel package

*************************************
* Local config file bblopts.cfg used
*
("C:\Program Files\MiKTeX 2.9\tex\latex\arabi\bblopts.cfg"
File: bblopts.cfg 2005/09/08 v0.1 add Arabic and Farsi to "declared" options of
 babel
)
("C:\Program Files\MiKTeX 2.9\tex\latex\babel-slovenian\slovene.ldf"
Language: slovene 2005/03/31 v1.2m Slovene support from the babel system

("C:\Program Files\MiKTeX 2.9\tex\generic\babel\babel.def"
File: babel.def 2017/05/19 3.10 Babel common definitions
\babel@savecnt=\count89
\U@D=\dimen103
)
Package babel Info: Making " an active character on input line 79.
)
("C:\Program Files\MiKTeX 2.9\tex\latex\babel-english\english.ldf"
Language: english 2017/01/24 v3.3q English support from the babel system
\l@canadian = a dialect from \language\l@american 
\l@australian = a dialect from \language\l@british 
\l@newzealand = a dialect from \language\l@british 
))
("C:\Program Files\MiKTeX 2.9\tex\latex\graphics\graphicx.sty"
Package: graphicx 2014/10/28 v1.0g Enhanced LaTeX Graphics (DPC,SPQR)

("C:\Program Files\MiKTeX 2.9\tex\latex\graphics\keyval.sty"
Package: keyval 2014/10/28 v1.15 key=value parser (DPC)
\KV@toks@=\toks19
)
("C:\Program Files\MiKTeX 2.9\tex\latex\graphics\graphics.sty"
Package: graphics 2017/04/14 v1.1b Standard LaTeX Graphics (DPC,SPQR)

("C:\Program Files\MiKTeX 2.9\tex\latex\graphics\trig.sty"
Package: trig 2016/01/03 v1.10 sin cos tan (DPC)
)
("C:\Program Files\MiKTeX 2.9\tex\latex\graphics-cfg\graphics.cfg"
File: graphics.cfg 2016/06/04 v1.11 sample graphics configuration
)
Package graphics Info: Driver file: pdftex.def on input line 99.

("C:\Program Files\MiKTeX 2.9\tex\latex\graphics-def\pdftex.def"
File: pdftex.def 2017/01/12 v0.06k Graphics/color for pdfTeX

("C:\Program Files\MiKTeX 2.9\tex\generic\oberdiek\infwarerr.sty"
Package: infwarerr 2016/05/16 v1.4 Providing info/warning/error messages (HO)
)
("C:\Program Files\MiKTeX 2.9\tex\generic\oberdiek\ltxcmds.sty"
Package: ltxcmds 2016/05/16 v1.23 LaTeX kernel commands for general use (HO)
)
\Gread@gobject=\count90
))
\Gin@req@height=\dimen104
\Gin@req@width=\dimen105
)
("C:\Program Files\MiKTeX 2.9\tex\latex\fancyhdr\fancyhdr.sty"
Package: fancyhdr 2017/06/30 v3.9a Extensive control of page headers and footer
s
\f@nch@headwidth=\skip43
\f@nch@O@elh=\skip44
\f@nch@O@erh=\skip45
\f@nch@O@olh=\skip46
\f@nch@O@orh=\skip47
\f@nch@O@elf=\skip48
\f@nch@O@erf=\skip49
\f@nch@O@olf=\skip50
\f@nch@O@orf=\skip51
)
("C:\Program Files\MiKTeX 2.9\tex\latex\amsfonts\amssymb.sty"
Package: amssymb 2013/01/14 v3.01 AMS font symbols

("C:\Program Files\MiKTeX 2.9\tex\latex\amsfonts\amsfonts.sty"
Package: amsfonts 2013/01/14 v3.01 Basic AMSFonts support
\@emptytoks=\toks20
\symAMSa=\mathgroup4
\symAMSb=\mathgroup5
LaTeX Font Info:    Overwriting math alphabet `\mathfrak' in version `bold'
(Font)                  U/euf/m/n --> U/euf/b/n on input line 106.
))
("C:\Program Files\MiKTeX 2.9\tex\latex\amsmath\amsmath.sty"
Package: amsmath 2016/11/05 v2.16a AMS math features
\@mathmargin=\skip52

For additional information on amsmath, use the `?' option.
("C:\Program Files\MiKTeX 2.9\tex\latex\amsmath\amstext.sty"
Package: amstext 2000/06/29 v2.01 AMS text

("C:\Program Files\MiKTeX 2.9\tex\latex\amsmath\amsgen.sty"
File: amsgen.sty 1999/11/30 v2.0 generic functions
\@emptytoks=\toks21
\ex@=\dimen106
))
("C:\Program Files\MiKTeX 2.9\tex\latex\amsmath\amsbsy.sty"
Package: amsbsy 1999/11/29 v1.2d Bold Symbols
\pmbraise@=\dimen107
)
("C:\Program Files\MiKTeX 2.9\tex\latex\amsmath\amsopn.sty"
Package: amsopn 2016/03/08 v2.02 operator names
)
\inf@bad=\count91
LaTeX Info: Redefining \frac on input line 213.
\uproot@=\count92
\leftroot@=\count93
LaTeX Info: Redefining \overline on input line 375.
\classnum@=\count94
\DOTSCASE@=\count95
LaTeX Info: Redefining \ldots on input line 472.
LaTeX Info: Redefining \dots on input line 475.
LaTeX Info: Redefining \cdots on input line 596.
\Mathstrutbox@=\box26
\strutbox@=\box27
\big@size=\dimen108
LaTeX Font Info:    Redeclaring font encoding OML on input line 712.
LaTeX Font Info:    Redeclaring font encoding OMS on input line 713.
\macc@depth=\count96
\c@MaxMatrixCols=\count97
\dotsspace@=\muskip10
\c@parentequation=\count98
\dspbrk@lvl=\count99
\tag@help=\toks22
\row@=\count100
\column@=\count101
\maxfields@=\count102
\andhelp@=\toks23
\eqnshift@=\dimen109
\alignsep@=\dimen110
\tagshift@=\dimen111
\tagwidth@=\dimen112
\totwidth@=\dimen113
\lineht@=\dimen114
\@envbody=\toks24
\multlinegap=\skip53
\multlinetaggap=\skip54
\mathdisplay@stack=\toks25
LaTeX Info: Redefining \[ on input line 2817.
LaTeX Info: Redefining \] on input line 2818.
)
("C:\Program Files\MiKTeX 2.9\tex\latex\url\url.sty"
\Urlmuskip=\muskip11
Package: url 2013/09/16  ver 3.4  Verb mode for urls, etc.
)
("C:\Program Files\MiKTeX 2.9\tex\latex\comment\comment.sty"
\CommentStream=\write3

Excluding comment 'comment')
("C:\Program Files\MiKTeX 2.9\tex\latex\hyperref\hyperref.sty"
Package: hyperref 2017/03/14 v6.85a Hypertext links for LaTeX

("C:\Program Files\MiKTeX 2.9\tex\generic\oberdiek\hobsub-hyperref.sty"
Package: hobsub-hyperref 2016/05/16 v1.14 Bundle oberdiek, subset hyperref (HO)


("C:\Program Files\MiKTeX 2.9\tex\generic\oberdiek\hobsub-generic.sty"
Package: hobsub-generic 2016/05/16 v1.14 Bundle oberdiek, subset generic (HO)
Package: hobsub 2016/05/16 v1.14 Construct package bundles (HO)
Package hobsub Info: Skipping package `infwarerr' (already loaded).
Package hobsub Info: Skipping package `ltxcmds' (already loaded).
Package: ifluatex 2016/05/16 v1.4 Provides the ifluatex switch (HO)
Package ifluatex Info: LuaTeX not detected.
Package: ifvtex 2016/05/16 v1.6 Detect VTeX and its facilities (HO)
Package ifvtex Info: VTeX not detected.
Package: intcalc 2016/05/16 v1.2 Expandable calculations with integers (HO)
Package: ifpdf 2017/03/15 v3.2 Provides the ifpdf switch
Package: etexcmds 2016/05/16 v1.6 Avoid name clashes with e-TeX commands (HO)
Package etexcmds Info: Could not find \expanded.
(etexcmds)             That can mean that you are not using pdfTeX 1.50 or
(etexcmds)             that some package has redefined \expanded.
(etexcmds)             In the latter case, load this package earlier.
Package: kvsetkeys 2016/05/16 v1.17 Key value parser (HO)
Package: kvdefinekeys 2016/05/16 v1.4 Define keys (HO)
Package: pdftexcmds 2017/03/19 v0.25 Utility functions of pdfTeX for LuaTeX (HO
)
Package pdftexcmds Info: LuaTeX not detected.
Package pdftexcmds Info: \pdf@primitive is available.
Package pdftexcmds Info: \pdf@ifprimitive is available.
Package pdftexcmds Info: \pdfdraftmode found.
Package: pdfescape 2016/05/16 v1.14 Implements pdfTeX's escape features (HO)
Package: bigintcalc 2016/05/16 v1.4 Expandable calculations on big integers (HO
)
Package: bitset 2016/05/16 v1.2 Handle bit-vector datatype (HO)
Package: uniquecounter 2016/05/16 v1.3 Provide unlimited unique counter (HO)
)
Package hobsub Info: Skipping package `hobsub' (already loaded).
Package: letltxmacro 2016/05/16 v1.5 Let assignment for LaTeX macros (HO)
Package: hopatch 2016/05/16 v1.3 Wrapper for package hooks (HO)
Package: xcolor-patch 2016/05/16 xcolor patch
Package: atveryend 2016/05/16 v1.9 Hooks at the very end of document (HO)
Package atveryend Info: \enddocument detected (standard20110627).
Package: atbegshi 2016/06/09 v1.18 At begin shipout hook (HO)
Package: refcount 2016/05/16 v3.5 Data extraction from label references (HO)
Package: hycolor 2016/05/16 v1.8 Color options for hyperref/bookmark (HO)
)
("C:\Program Files\MiKTeX 2.9\tex\generic\ifxetex\ifxetex.sty"
Package: ifxetex 2010/09/12 v0.6 Provides ifxetex conditional
)
("C:\Program Files\MiKTeX 2.9\tex\latex\oberdiek\auxhook.sty"
Package: auxhook 2016/05/16 v1.4 Hooks for auxiliary files (HO)
)
("C:\Program Files\MiKTeX 2.9\tex\latex\oberdiek\kvoptions.sty"
Package: kvoptions 2016/05/16 v3.12 Key value format for package options (HO)
)
\@linkdim=\dimen115
\Hy@linkcounter=\count103
\Hy@pagecounter=\count104

("C:\Program Files\MiKTeX 2.9\tex\latex\hyperref\pd1enc.def"
File: pd1enc.def 2017/03/14 v6.85a Hyperref: PDFDocEncoding definition (HO)
)
\Hy@SavedSpaceFactor=\count105

("C:\Program Files\MiKTeX 2.9\tex\latex\00miktex\hyperref.cfg"
File: hyperref.cfg 2002/06/06 v1.2 hyperref configuration of TeXLive
)
Package hyperref Info: Option `colorlinks' set `true' on input line 4374.
Package hyperref Info: Hyper figures OFF on input line 4498.
Package hyperref Info: Link nesting OFF on input line 4503.
Package hyperref Info: Hyper index ON on input line 4506.
Package hyperref Info: Plain pages OFF on input line 4513.
Package hyperref Info: Backreferencing OFF on input line 4518.
Package hyperref Info: Implicit mode ON; LaTeX internals redefined.
Package hyperref Info: Bookmarks ON on input line 4751.
\c@Hy@tempcnt=\count106
LaTeX Info: Redefining \url on input line 5104.
\XeTeXLinkMargin=\dimen116
\Fld@menulength=\count107
\Field@Width=\dimen117
\Fld@charsize=\dimen118
Package hyperref Info: Hyper figures OFF on input line 6358.
Package hyperref Info: Link nesting OFF on input line 6363.
Package hyperref Info: Hyper index ON on input line 6366.
Package hyperref Info: backreferencing OFF on input line 6373.
Package hyperref Info: Link coloring OFF on input line 6378.
Package hyperref Info: Link coloring with OCG OFF on input line 6383.
Package hyperref Info: PDF/A mode OFF on input line 6388.
LaTeX Info: Redefining \ref on input line 6428.
LaTeX Info: Redefining \pageref on input line 6432.
\Hy@abspage=\count108
\c@Item=\count109
\c@Hfootnote=\count110
)

Package hyperref Message: Driver: hpdftex.

("C:\Program Files\MiKTeX 2.9\tex\latex\hyperref\hpdftex.def"
File: hpdftex.def 2017/03/14 v6.85a Hyperref driver for pdfTeX
\Fld@listcount=\count111
\c@bookmark@seq@number=\count112

("C:\Program Files\MiKTeX 2.9\tex\latex\oberdiek\rerunfilecheck.sty"
Package: rerunfilecheck 2016/05/16 v1.8 Rerun checks for auxiliary files (HO)
Package uniquecounter Info: New unique counter `rerunfilecheck' on input line 2
82.
)
\Hy@SectionHShift=\skip55
)
("C:\Program Files\MiKTeX 2.9\tex\latex\graphics\color.sty"
Package: color 2016/07/10 v1.1e Standard LaTeX Color (DPC)

("C:\Program Files\MiKTeX 2.9\tex\latex\graphics-cfg\color.cfg"
File: color.cfg 2016/01/02 v1.6 sample color configuration
)
Package color Info: Driver file: pdftex.def on input line 147.
)
("C:\Program Files\MiKTeX 2.9\tex\latex\soul\soul.sty"
Package: soul 2003/11/17 v2.4 letterspacing/underlining (mf)
\SOUL@word=\toks26
\SOUL@lasttoken=\toks27
\SOUL@cmds=\toks28
\SOUL@buffer=\toks29
\SOUL@token=\toks30
\SOUL@spaceskip=\skip56
\SOUL@ttwidth=\dimen119
\SOUL@uldp=\dimen120
\SOUL@ulht=\dimen121
)
\c@izrek=\count113
\c@trditev=\count114
\countA=\count115

("C:\Program Files\MiKTeX 2.9\tex\latex\xmpincl\xmpincl.sty"
Package: xmpincl 2008/05/10 v2.2 Include XMP data in pdflatex

("C:\Program Files\MiKTeX 2.9\tex\latex\base\ifthen.sty"
Package: ifthen 2014/09/29 v1.1c Standard LaTeX ifthen package (DPC)
))
\xmpinclWrite=\write4
\xmpinclRead=\read1
\openout4 = `pdfa-1b.xmpi'.

<<pdfa-1b.xmpi>>
(C:/Users/maj/Desktop/glitchFXdev/vzorec_dip_Seminar\vzorec_dip_Seminar.aux)
\openout1 = `vzorec_dip_Seminar.aux'.

LaTeX Font Info:    Checking defaults for OML/cmm/m/it on input line 179.
LaTeX Font Info:    ... okay on input line 179.
LaTeX Font Info:    Checking defaults for T1/cmr/m/n on input line 179.
LaTeX Font Info:    ... okay on input line 179.
LaTeX Font Info:    Checking defaults for OT1/cmr/m/n on input line 179.
LaTeX Font Info:    ... okay on input line 179.
LaTeX Font Info:    Checking defaults for OMS/cmsy/m/n on input line 179.
LaTeX Font Info:    ... okay on input line 179.
LaTeX Font Info:    Checking defaults for OMX/cmex/m/n on input line 179.
LaTeX Font Info:    ... okay on input line 179.
LaTeX Font Info:    Checking defaults for U/cmr/m/n on input line 179.
LaTeX Font Info:    ... okay on input line 179.
LaTeX Font Info:    Checking defaults for PD1/pdf/m/n on input line 179.
LaTeX Font Info:    ... okay on input line 179.

("C:\Program Files\MiKTeX 2.9\tex\latex\ucs\ucsencs.def"
File: ucsencs.def 2011/01/21 Fixes to fontencodings LGR, T3
)
("C:\Program Files\MiKTeX 2.9\tex\context\base\supp-pdf.mkii"
[Loading MPS to PDF converter (version 2006.09.02).]
\scratchcounter=\count116
\scratchdimen=\dimen122
\scratchbox=\box28
\nofMPsegments=\count117
\nofMParguments=\count118
\everyMPshowfont=\toks31
\MPscratchCnt=\count119
\MPscratchDim=\dimen123
\MPnumerator=\count120
\makeMPintoPDFobject=\count121
\everyMPtoPDFconversion=\toks32
) ("C:\Program Files\MiKTeX 2.9\tex\latex\oberdiek\epstopdf-base.sty"
Package: epstopdf-base 2016/05/15 v2.6 Base part for package epstopdf

("C:\Program Files\MiKTeX 2.9\tex\latex\oberdiek\grfext.sty"
Package: grfext 2016/05/16 v1.2 Manage graphics extensions (HO)
)
Package epstopdf-base Info: Redefining graphics rule for `.eps' on input line 4
38.
Package grfext Info: Graphics extension search list:
(grfext)             [.png,.pdf,.jpg,.mps,.jpeg,.jbig2,.jb2,.PNG,.PDF,.JPG,.JPE
G,.JBIG2,.JB2,.eps]
(grfext)             \AppendGraphicsExtensions on input line 456.
)
\AtBeginShipoutBox=\box29
Package hyperref Info: Link coloring OFF on input line 179.

("C:\Program Files\MiKTeX 2.9\tex\latex\hyperref\nameref.sty"
Package: nameref 2016/05/21 v2.44 Cross-referencing by name of section

("C:\Program Files\MiKTeX 2.9\tex\generic\oberdiek\gettitlestring.sty"
Package: gettitlestring 2016/05/16 v1.5 Cleanup title references (HO)
)
\c@section@level=\count122
)
LaTeX Info: Redefining \ref on input line 179.
LaTeX Info: Redefining \pageref on input line 179.
LaTeX Info: Redefining \nameref on input line 179.

(C:/Users/maj/Desktop/glitchFXdev/vzorec_dip_Seminar\vzorec_dip_Seminar.out)
(C:/Users/maj/Desktop/glitchFXdev/vzorec_dip_Seminar\vzorec_dip_Seminar.out)
\@outlinefile=\write5
\openout5 = `vzorec_dip_Seminar.out'.


("C:\Program Files\MiKTeX 2.9\tex\latex\ucs\uni-1.def"
File: uni-1.def 2013/05/13 UCS: Unicode data U+0100..U+01FF
)
Package babel Info: Redefining slovene shorthand "|
(babel)             in language  on input line 218.
Package babel Info: Redefining slovene shorthand "|
(babel)             in language  on input line 218.
 [1


{C:/ProgramData/MiKTeX/2.9/pdftex/config/pdftex.map}]
LaTeX Font Info:    Try loading font information for U+msa on input line 221.

("C:\Program Files\MiKTeX 2.9\tex\latex\amsfonts\umsa.fd"
File: umsa.fd 2013/01/14 v3.01 AMS symbols A
)
LaTeX Font Info:    Try loading font information for U+msb on input line 221.

("C:\Program Files\MiKTeX 2.9\tex\latex\amsfonts\umsb.fd"
File: umsb.fd 2013/01/14 v3.01 AMS symbols B
)
Package babel Info: Redefining slovene shorthand "|
(babel)             in language  on input line 224.
Package babel Info: Redefining slovene shorthand "|
(babel)             in language  on input line 224.
pdfTeX warning (ext4): destination with the same identifier (name{page.}) has b
een already used, duplicate ignored
<to be read again> 
                   \relax 
l.224 \clearemptydoublepage
                            [2]
Package babel Info: Redefining slovene shorthand "|
(babel)             in language  on input line 249.
Package babel Info: Redefining slovene shorthand "|
(babel)             in language  on input line 249.
pdfTeX warning (ext4): destination with the same identifier (name{page.}) has b
een already used, duplicate ignored
<to be read again> 
                   \relax 
l.249 \clearemptydoublepage
                            [3

]
Package babel Info: Redefining slovene shorthand "|
(babel)             in language  on input line 249.
Package babel Info: Redefining slovene shorthand "|
(babel)             in language  on input line 249.
pdfTeX warning (ext4): destination with the same identifier (name{page.}) has b
een already used, duplicate ignored
<to be read again> 
                   \relax 
l.249 \clearemptydoublepage
                            [4

]
Package babel Info: Redefining slovene shorthand "|
(babel)             in language  on input line 258.
Package babel Info: Redefining slovene shorthand "|
(babel)             in language  on input line 258.
pdfTeX warning (ext4): destination with the same identifier (name{page.}) has b
een already used, duplicate ignored
<to be read again> 
                   \relax 
l.258 \clearemptydoublepage
                            [5]
Package babel Info: Redefining slovene shorthand "|
(babel)             in language  on input line 258.
Package babel Info: Redefining slovene shorthand "|
(babel)             in language  on input line 258.
pdfTeX warning (ext4): destination with the same identifier (name{page.}) has b
een already used, duplicate ignored
<to be read again> 
                   \relax 
l.258 \clearemptydoublepage
                            [6

]
Package babel Info: Redefining slovene shorthand "|
(babel)             in language  on input line 267.
Package babel Info: Redefining slovene shorthand "|
(babel)             in language  on input line 267.
pdfTeX warning (ext4): destination with the same identifier (name{page.}) has b
een already used, duplicate ignored
<to be read again> 
                   \relax 
l.267 \clearemptydoublepage
                            [7]
Package babel Info: Redefining slovene shorthand "|
(babel)             in language  on input line 267.
Package babel Info: Redefining slovene shorthand "|
(babel)             in language  on input line 267.
pdfTeX warning (ext4): destination with the same identifier (name{page.}) has b
een already used, duplicate ignored
<to be read again> 
                   \relax 
l.267 \clearemptydoublepage
                            [8

]
(C:/Users/maj/Desktop/glitchFXdev/vzorec_dip_Seminar\vzorec_dip_Seminar.toc
Package babel Info: Redefining slovene shorthand "|
(babel)             in language  on input line 23.
Package babel Info: Redefining slovene shorthand "|
(babel)             in language  on input line 23.
pdfTeX warning (ext4): destination with the same identifier (name{page.}) has b
een already used, duplicate ignored
<to be read again> 
                   \relax 
l.23 ...{8}Plovke: slike in tabele}{23}{chapter.8}
                                                   [9

])
\tf@toc=\write6
\openout6 = `vzorec_dip_Seminar.toc'.

Package babel Info: Redefining slovene shorthand "|
(babel)             in language  on input line 278.
Package babel Info: Redefining slovene shorthand "|
(babel)             in language  on input line 278.
pdfTeX warning (ext4): destination with the same identifier (name{page.}) has b
een already used, duplicate ignored
<to be read again> 
                   \relax 
l.278 \clearemptydoublepage
                            [10]
Overfull \hbox (1.76152pt too wide) in paragraph at lines 286--286
[]\OT1/cmr/bx/n/12 kratica| 
 []


Underfull \hbox (badness 1533) in paragraph at lines 291--292
[]\OT1/cmr/m/n/12 paket za ra-zvoj pro-gram-ske
 []


Underfull \hbox (badness 1845) in paragraph at lines 292--293
[]\OT1/cmr/m/n/12 racunalnisko ge-ne-ri-rana gra-
 []

Package babel Info: Redefining slovene shorthand "|
(babel)             in language  on input line 298.
Package babel Info: Redefining slovene shorthand "|
(babel)             in language  on input line 298.
pdfTeX warning (ext4): destination with the same identifier (name{page.}) has b
een already used, duplicate ignored
<to be read again> 
                   \relax 
l.298 \clearemptydoublepage
                            [11


]
Package babel Info: Redefining slovene shorthand "|
(babel)             in language  on input line 298.
Package babel Info: Redefining slovene shorthand "|
(babel)             in language  on input line 298.
pdfTeX warning (ext4): destination with the same identifier (name{page.}) has b
een already used, duplicate ignored
<to be read again> 
                   \relax 
l.298 \clearemptydoublepage
                            [12

]
Package babel Info: Redefining slovene shorthand "|
(babel)             in language  on input line 302.
Package babel Info: Redefining slovene shorthand "|
(babel)             in language  on input line 319.
Package babel Info: Redefining slovene shorthand "|
(babel)             in language  on input line 319.
pdfTeX warning (ext4): destination with the same identifier (name{page.}) has b
een already used, duplicate ignored
<to be read again> 
                   \relax 
l.319 \clearemptydoublepage
                            [13

]
Package babel Info: Redefining slovene shorthand "|
(babel)             in language  on input line 319.
Package babel Info: Redefining slovene shorthand "|
(babel)             in language  on input line 319.
pdfTeX warning (ext4): destination with the same identifier (name{page.}) has b
een already used, duplicate ignored
<to be read again> 
                   \relax 
l.319 \clearemptydoublepage
                            [14

]
Package babel Info: Redefining slovene shorthand "|
(babel)             in language  on input line 341.
Package babel Info: Redefining slovene shorthand "|
(babel)             in language  on input line 341.
pdfTeX warning (ext4): destination with the same identifier (name{page.}) has b
een already used, duplicate ignored
<to be read again> 
                   \relax 
l.341 \clearemptydoublepage
                            [15

]
Package babel Info: Redefining slovene shorthand "|
(babel)             in language  on input line 341.
Package babel Info: Redefining slovene shorthand "|
(babel)             in language  on input line 341.
pdfTeX warning (ext4): destination with the same identifier (name{page.}) has b
een already used, duplicate ignored
<to be read again> 
                   \relax 
l.341 \clearemptydoublepage
                            [16

]
Poglavje 1.
Package babel Info: Redefining slovene shorthand "|
(babel)             in language  on input line 348.

Underfull \vbox (badness 2689) has occurred while \output is active []

Package babel Info: Redefining slovene shorthand "|
(babel)             in language  on input line 368.
Package babel Info: Redefining slovene shorthand "|
(babel)             in language  on input line 368.
 [1


]
Package babel Info: Redefining slovene shorthand "|
(babel)             in language  on input line 390.
Package babel Info: Redefining slovene shorthand "|
(babel)             in language  on input line 390.

[2]
Poglavje 2.
Package babel Info: Redefining slovene shorthand "|
(babel)             in language  on input line 390.

Package hyperref Warning: Composite letter `\textasciicaron+c'
(hyperref)                not defined in PD1 encoding,
(hyperref)                removing `\textasciicaron' on input line 390.

Package babel Info: Redefining slovene shorthand "|
(babel)             in language  on input line 395.

Package hyperref Warning: Composite letter `\textasciicaron+c'
(hyperref)                not defined in PD1 encoding,
(hyperref)                removing `\textasciicaron' on input line 395.


LaTeX Warning: Citation `vesHandbook' on page 3 undefined on input line 397.

Package babel Info: Redefining slovene shorthand "|
(babel)             in language  on input line 410.
Package babel Info: Redefining slovene shorthand "|
(babel)             in language  on input line 410.
[3

]
Package babel Info: Redefining slovene shorthand "|
(babel)             in language  on input line 411.


Package hyperref Warning: Composite letter `\textasciicaron+c'
(hyperref)                not defined in PD1 encoding,
(hyperref)                removing `\textasciicaron' on input line 411.


LaTeX Warning: Citation `slepoPolje' on page 4 undefined on input line 427.

Package babel Info: Redefining slovene shorthand "|
(babel)             in language  on input line 432.
Package babel Info: Redefining slovene shorthand "|
(babel)             in language  on input line 432.
[4]
Package babel Info: Redefining slovene shorthand "|
(babel)             in language  on input line 438.


LaTeX Warning: Citation `rekonFikc' on page 5 undefined on input line 441.


LaTeX Warning: Citation `videosfera1' on page 5 undefined on input line 445.


LaTeX Warning: Citation `tugoslavija' on page 5 undefined on input line 450.

Package babel Info: Redefining slovene shorthand "|
(babel)             in language  on input line 457.

Package hyperref Warning: Composite letter `\textasciicaron+c'
(hyperref)                not defined in PD1 encoding,
(hyperref)                removing `\textasciicaron' on input line 457.

Package babel Info: Redefining slovene shorthand "|
(babel)             in language  on input line 463.
Package babel Info: Redefining slovene shorthand "|
(babel)             in language  on input line 463.
[5]
Package babel Info: Redefining slovene shorthand "|
(babel)             in language  on input line 483.
Package babel Info: Redefining slovene shorthand "|
(babel)             in language  on input line 483.
 [6]
Underfull \vbox (badness 1789) has occurred while \output is active []

Package babel Info: Redefining slovene shorthand "|
(babel)             in language  on input line 505.
Package babel Info: Redefining slovene shorthand "|
(babel)             in language  on input line 505.
 [7]

LaTeX Warning: Citation `vesHandbook' on page 8 undefined on input line 508.

Package babel Info: Redefining slovene shorthand "|
(babel)             in language  on input line 513.
Package babel Info: Redefining slovene shorthand "|
(babel)             in language  on input line 513.
[8]
Poglavje 3.
Package babel Info: Redefining slovene shorthand "|
(babel)             in language  on input line 513.

Package hyperref Warning: Composite letter `\textasciicaron+c'
(hyperref)                not defined in PD1 encoding,
(hyperref)                removing `\textasciicaron' on input line 513.

Package babel Info: Redefining slovene shorthand "|
(babel)             in language  on input line 517.
Package babel Info: Redefining slovene shorthand "|
(babel)             in language  on input line 522.

LaTeX Warning: Citation `siggraphcomposition' on page 9 undefined on input line
 526.


LaTeX Warning: Citation `siggraphcompostition' on page 9 undefined on input lin
e 529.

Package babel Info: Redefining slovene shorthand "|
(babel)             in language  on input line 535.
Package babel Info: Redefining slovene shorthand "|
(babel)             in language  on input line 535.
[9

]
Package babel Info: Redefining slovene shorthand "|
(babel)             in language  on input line 561.


LaTeX Warning: Citation `aeclassroom' on page 10 undefined on input line 563.


Overfull \hbox (18.1112pt too wide) in paragraph at lines 563--569
\OT1/cmr/m/n/12 V Af-ter Ef-fects enoto dela, ki po-na-vadi pred-sta-vlja sceno
, ime-nu-jemo sekvenca[[]].
 []

Package babel Info: Redefining slovene shorthand "|
(babel)             in language  on input line 569.
Package babel Info: Redefining slovene shorthand "|
(babel)             in language  on input line 569.
[10]
LaTeX Font Info:    Try loading font information for OMS+cmr on input line 574.

 ("C:\Program Files\MiKTeX 2.9\tex\latex\base\omscmr.fd"
File: omscmr.fd 2014/09/29 v2.5h Standard LaTeX font definitions
)
LaTeX Font Info:    Font shape `OMS/cmr/m/n' in size <12> not available
(Font)              Font shape `OMS/cmsy/m/n' tried instead on input line 574.
Package babel Info: Redefining slovene shorthand "|
(babel)             in language  on input line 591.
Package babel Info: Redefining slovene shorthand "|
(babel)             in language  on input line 591.
 [11]
Package babel Info: Redefining slovene shorthand "|
(babel)             in language  on input line 599.


Package hyperref Warning: Composite letter `\textasciicaron+c'
(hyperref)                not defined in PD1 encoding,
(hyperref)                removing `\textasciicaron' on input line 599.

Package babel Info: Redefining slovene shorthand "|
(babel)             in language  on input line 617.
Package babel Info: Redefining slovene shorthand "|
(babel)             in language  on input line 617.
[12]
Overfull \hbox (9.83566pt too wide) in paragraph at lines 622--627
\OT1/cmr/m/n/12 Med pro-gram-skima pa-ke-toma je omogocena eno-stavna ko-mu-ni
-ka-cija. Montazer
 []

Package babel Info: Redefining slovene shorthand "|
(babel)             in language  on input line 630.
Package babel Info: Redefining slovene shorthand "|
(babel)             in language  on input line 630.
[13]
Package babel Info: Redefining slovene shorthand "|
(babel)             in language  on input line 630.
Package babel Info: Redefining slovene shorthand "|
(babel)             in language  on input line 630.
 [14

]
Poglavje 4.
Package babel Info: Redefining slovene shorthand "|
(babel)             in language  on input line 630.

Package hyperref Warning: Composite letter `\textasciicaron+c'
(hyperref)                not defined in PD1 encoding,
(hyperref)                removing `\textasciicaron' on input line 630.

Package babel Info: Redefining slovene shorthand "|
(babel)             in language  on input line 644.

Package hyperref Warning: Composite letter `\textasciicaron+c'
(hyperref)                not defined in PD1 encoding,
(hyperref)                removing `\textasciicaron' on input line 644.


Underfull \vbox (badness 10000) has occurred while \output is active []

Package babel Info: Redefining slovene shorthand "|
(babel)             in language  on input line 648.
Package babel Info: Redefining slovene shorthand "|
(babel)             in language  on input line 648.
 [15]

LaTeX Warning: Float too large for page by 31.21751pt on input line 692.

Package babel Info: Redefining slovene shorthand "|
(babel)             in language  on input line 701.
Package babel Info: Redefining slovene shorthand "|
(babel)             in language  on input line 701.
[16]
Package babel Info: Redefining slovene shorthand "|
(babel)             in language  on input line 701.
Package babel Info: Redefining slovene shorthand "|
(babel)             in language  on input line 701.
 [17]
Package babel Info: Redefining slovene shorthand "|
(babel)             in language  on input line 714.


LaTeX Warning: Citation `aesdk' on page 18 undefined on input line 717.


Overfull \hbox (81.39203pt too wide) in paragraph at lines 716--726
\OT1/cmr/m/n/12 jalce (http://forums.adobe.com/community/aftereffects[]general[
]discussion/aftereffects[]sdk). 
 []

Package babel Info: Redefining slovene shorthand "|
(babel)             in language  on input line 726.
Package babel Info: Redefining slovene shorthand "|
(babel)             in language  on input line 726.
[18]
Package babel Info: Redefining slovene shorthand "|
(babel)             in language  on input line 732.


Package hyperref Warning: Composite letter `\textasciicaron+c'
(hyperref)                not defined in PD1 encoding,
(hyperref)                removing `\textasciicaron' on input line 732.


LaTeX Warning: Citation `colordiff2' on page 19 undefined on input line 744.


LaTeX Warning: Citation `upoprogopr' on page 19 undefined on input line 746.


LaTeX Warning: Citation `colordiff1' on page 19 undefined on input line 748.

Package babel Info: Redefining slovene shorthand "|
(babel)             in language  on input line 752.
Package babel Info: Redefining slovene shorthand "|
(babel)             in language  on input line 752.
[19]
! Missing $ inserted.
<inserted text> 
                $
l.756 ... izbirnike \verb{PF_Cmd_ABOUT}, \verb{PF_
                                                  Cmd_GLOBAL_SETUP}, \verb{P...

? 
! Extra }, or forgotten $.
l.756 ...PF_Cmd_ABOUT}, \verb{PF_Cmd_GLOBAL_SETUP}
                                                  , \verb{PF_Cmd_PARAMS_SETU...

? 
! Extra }, or forgotten $.
l.756 ...Cmd_PARAMS_SETUP} in \verb{PF_Cmd_RENDER}
                                                  .
? 
! Missing $ inserted.
<inserted text> 
                $
l.757 
      
? 

Overfull \hbox (392.518pt too wide) in paragraph at lines 756--757
\OT1/cmr/m/n/12 Vticnik im-ple-men-tira od-zive na uka-zne iz-bir-nike [][]\OT
1/cmtt/m/n/12 PF_Cmd_ABOUT}, \verb[]\OT1/cmr/m/n/12 PF$[]\OML/cmm/m/it/12 md[]L
OBAL[]ETUP; []PF[]md[]ENDER:$ 
 []

Package babel Info: Redefining slovene shorthand "|
(babel)             in language  on input line 1131.
Package babel Info: Redefining slovene shorthand "|
(babel)             in language  on input line 1131.
[20]
Underfull \hbox (badness 10000) in paragraph at lines 1132--1133

 []

Package babel Info: Redefining slovene shorthand "|
(babel)             in language  on input line 1133.
Package babel Info: Redefining slovene shorthand "|
(babel)             in language  on input line 1133.
[21]
Package babel Info: Redefining slovene shorthand "|
(babel)             in language  on input line 1134.

(C:/Users/maj/Desktop/glitchFXdev/vzorec_dip_Seminar\vzorec_dip_Seminar.bbl
Package babel Info: Redefining slovene shorthand "|
(babel)             in language  on input line 1.
Package babel Info: Redefining slovene shorthand "|
(babel)             in language  on input line 1.

[22


] ("C:\Program Files\MiKTeX 2.9\tex\latex\ucs\uni-0.def"
File: uni-0.def 2013/05/13 UCS: Unicode data U+0000..U+00FF
)
Underfull \hbox (badness 2799) in paragraph at lines 40--44
[]\OT1/cmr/m/n/12 Oren Pa-ta-sh-nik.  Bib-TeXing.  Do-se-gljivo: []$\OT1/cmtt/m
/n/12 http : / / bibtexml .
 []

Package babel Info: Redefining slovene shorthand "|
(babel)             in language  on input line 50.
Package babel Info: Redefining slovene shorthand "|
(babel)             in language  on input line 50.
[23])
Package atveryend Info: Empty hook `BeforeClearDocument' on input line 1139.
Package babel Info: Redefining slovene shorthand "|
(babel)             in language  on input line 1139.
Package babel Info: Redefining slovene shorthand "|
(babel)             in language  on input line 1139.
 [24]
Package atveryend Info: Empty hook `AfterLastShipout' on input line 1139.
 (vzorec_dip_Seminar.aux)
Package atveryend Info: Executing hook `AtVeryEndDocument' on input line 1139.
Package atveryend Info: Executing hook `AtEndAfterFileList' on input line 1139.



Package rerunfilecheck Warning: File `vzorec_dip_Seminar.out' has changed.
(rerunfilecheck)                Rerun to get outlines right
(rerunfilecheck)                or use package `bookmark'.

Package rerunfilecheck Info: Checksums for `vzorec_dip_Seminar.out':
(rerunfilecheck)             Before: 5D649E7EE18584FC6A9B2C069FBB7116;1902
(rerunfilecheck)             After:  00899B97AD9D38154519797FE65D88EE;1272.

LaTeX Warning: There were undefined references.


LaTeX Warning: Label(s) may have changed. Rerun to get cross-references right.

Package atveryend Info: Empty hook `AtVeryVeryEnd' on input line 1139.
 ) 
Here is how much of TeX's memory you used:
 8480 strings out of 493323
 116994 string characters out of 3139073
 217738 words of memory out of 3000000
 11801 multiletter control sequences out of 15000+200000
 15504 words of font info for 58 fonts, out of 3000000 for 9000
 1141 hyphenation exceptions out of 8191
 28i,13n,43p,561b,601s stack positions out of 5000i,500n,10000p,200000b,50000s
pdfTeX warning (dest): name{chapter.14} has been referenced but does not exis
t, replaced by a fixed one

pdfTeX warning (dest): name{chapter.13} has been referenced but does not exist,
 replaced by a fixed one

pdfTeX warning (dest): name{section.12.1} has been referenced but does not exis
t, replaced by a fixed one

pdfTeX warning (dest): name{chapter.12} has been referenced but does not exist,
 replaced by a fixed one

pdfTeX warning (dest): name{section.11.1} has been referenced but does not exis
t, replaced by a fixed one

pdfTeX warning (dest): name{chapter.11} has been referenced but does not exist,
 replaced by a fixed one

pdfTeX warning (dest): name{chapter.10} has been referenced but does not exist,
 replaced by a fixed one

pdfTeX warning (dest): name{chapter.9} has been referenced but does not exist, 
replaced by a fixed one

pdfTeX warning (dest): name{section.8.1} has been referenced but does not exist
, replaced by a fixed one

pdfTeX warning (dest): name{chapter.8} has been referenced but does not exist, 
replaced by a fixed one

pdfTeX warning (dest): name{chapter.7} has been referenced but does not exist, 
replaced by a fixed one

pdfTeX warning (dest): name{chapter.6} has been referenced but does not exist, 
replaced by a fixed one

pdfTeX warning (dest): name{chapter.5} has been referenced but does not exist, 
replaced by a fixed one

<C:/Program Files/MiKTeX 2.9/fonts/type1/public/amsfonts/cm/cmbx12.pfb><C:/Prog
ram Files/MiKTeX 2.9/fonts/type1/public/amsfonts/cm/cmbx8.pfb><C:/Program Files
/MiKTeX 2.9/fonts/type1/public/amsfonts/cm/cmcsc10.pfb><C:/Program Files/MiKTeX
 2.9/fonts/type1/public/amsfonts/cm/cmmi12.pfb><C:/Program Files/MiKTeX 2.9/fon
ts/type1/public/amsfonts/cm/cmmi8.pfb><C:/Program Files/MiKTeX 2.9/fonts/type1/
public/amsfonts/cm/cmr10.pfb><C:/Program Files/MiKTeX 2.9/fonts/type1/public/am
sfonts/cm/cmr12.pfb><C:/Program Files/MiKTeX 2.9/fonts/type1/public/amsfonts/cm
/cmr17.pfb><C:/Program Files/MiKTeX 2.9/fonts/type1/public/amsfonts/cm/cmr7.pfb
><C:/Program Files/MiKTeX 2.9/fonts/type1/public/amsfonts/cm/cmr8.pfb><C:/Progr
am Files/MiKTeX 2.9/fonts/type1/public/amsfonts/cm/cmsl12.pfb><C:/Program Files
/MiKTeX 2.9/fonts/type1/public/amsfonts/cm/cmsy10.pfb><C:/Program Files/MiKTeX 
2.9/fonts/type1/public/amsfonts/cm/cmti10.pfb><C:/Program Files/MiKTeX 2.9/font
s/type1/public/amsfonts/cm/cmti12.pfb><C:/Program Files/MiKTeX 2.9/fonts/type1/
public/amsfonts/cm/cmti8.pfb><C:/Program Files/MiKTeX 2.9/fonts/type1/public/am
sfonts/cm/cmtt12.pfb>
Output written on vzorec_dip_Seminar.pdf (40 pages, 289613 bytes).
PDF statistics:
 425 PDF objects out of 1000 (max. 8388607)
 81 named destinations out of 1000 (max. 500000)
 229 words of extra memory for PDF output out of 10000 (max. 10000000)

