  Compiling the PiPL
  Microsoft (R) C/C++ Optimizing Compiler Version 19.00.24215.1 for x64
  Copyright (C) Microsoft Corporation.  All rights reserved.
  
  PixelRainPiPL.r
  Microsoft (R) C/C++ Optimizing Compiler Version 19.00.24215.1 for x64
  Copyright (C) Microsoft Corporation.  All rights reserved.
  
  PixelRainPiPL.rrc
  AEGP_SuiteHandler.cpp
  MissingSuiteError.cpp
  PixelRain.cpp
  PixelRain_Strings.cpp
  Generating Code...
C:\Program Files (x86)\MSBuild\Microsoft.Cpp\v4.0\V140\Microsoft.CppCommon.targets(638,5): error MSB4018: The "Link" task failed unexpectedly.
C:\Program Files (x86)\MSBuild\Microsoft.Cpp\v4.0\V140\Microsoft.CppCommon.targets(638,5): error MSB4018: System.NullReferenceException: Object reference not set to an instance of an object.
C:\Program Files (x86)\MSBuild\Microsoft.Cpp\v4.0\V140\Microsoft.CppCommon.targets(638,5): error MSB4018:    at Microsoft.Build.CPPTasks.Link.ForcedRebuildRequired()
C:\Program Files (x86)\MSBuild\Microsoft.Cpp\v4.0\V140\Microsoft.CppCommon.targets(638,5): error MSB4018:    at Microsoft.Build.CPPTasks.TrackedVCToolTask.ComputeOutOfDateSources()
C:\Program Files (x86)\MSBuild\Microsoft.Cpp\v4.0\V140\Microsoft.CppCommon.targets(638,5): error MSB4018:    at Microsoft.Build.CPPTasks.TrackedVCToolTask.SkipTaskExecution()
C:\Program Files (x86)\MSBuild\Microsoft.Cpp\v4.0\V140\Microsoft.CppCommon.targets(638,5): error MSB4018:    at Microsoft.Build.Utilities.ToolTask.Execute()
C:\Program Files (x86)\MSBuild\Microsoft.Cpp\v4.0\V140\Microsoft.CppCommon.targets(638,5): error MSB4018:    at Microsoft.Build.CPPTasks.TrackedVCToolTask.Execute()
C:\Program Files (x86)\MSBuild\Microsoft.Cpp\v4.0\V140\Microsoft.CppCommon.targets(638,5): error MSB4018:    at Microsoft.Build.BackEnd.TaskExecutionHost.Microsoft.Build.BackEnd.ITaskExecutionHost.Execute()
C:\Program Files (x86)\MSBuild\Microsoft.Cpp\v4.0\V140\Microsoft.CppCommon.targets(638,5): error MSB4018:    at Microsoft.Build.BackEnd.TaskBuilder.<ExecuteInstantiatedTask>d__26.MoveNext()
